[2025-10-07T16:24:30.251+0000] {taskinstance.py:1103} INFO - Dependencies all met for dep_context=non-requeueable deps ti=<TaskInstance: fpl_etl_pipeline.check_teams_api manual__2025-10-07T16:24:25.749009+00:00 [queued]>
[2025-10-07T16:24:30.262+0000] {taskinstance.py:1103} INFO - Dependencies all met for dep_context=requeueable deps ti=<TaskInstance: fpl_etl_pipeline.check_teams_api manual__2025-10-07T16:24:25.749009+00:00 [queued]>
[2025-10-07T16:24:30.263+0000] {taskinstance.py:1308} INFO - Starting attempt 1 of 2
[2025-10-07T16:24:30.286+0000] {taskinstance.py:1327} INFO - Executing <Task(HttpSensor): check_teams_api> on 2025-10-07 16:24:25.749009+00:00
[2025-10-07T16:24:30.293+0000] {standard_task_runner.py:57} INFO - Started process 1868 to run task
[2025-10-07T16:24:30.298+0000] {standard_task_runner.py:84} INFO - Running: ['airflow', 'tasks', 'run', 'fpl_etl_pipeline', 'check_teams_api', 'manual__2025-10-07T16:24:25.749009+00:00', '--job-id', '97', '--raw', '--subdir', 'DAGS_FOLDER/fpl_etl_pipeline.py', '--cfg-path', '/tmp/tmp90d1jma0']
[2025-10-07T16:24:30.302+0000] {standard_task_runner.py:85} INFO - Job 97: Subtask check_teams_api
[2025-10-07T16:24:30.379+0000] {task_command.py:410} INFO - Running <TaskInstance: fpl_etl_pipeline.check_teams_api manual__2025-10-07T16:24:25.749009+00:00 [running]> on host f44e38d8e384
[2025-10-07T16:24:30.545+0000] {taskinstance.py:1547} INFO - Exporting env vars: AIRFLOW_CTX_DAG_OWNER='richardilemon' AIRFLOW_CTX_DAG_ID='fpl_etl_pipeline' AIRFLOW_CTX_TASK_ID='check_teams_api' AIRFLOW_CTX_EXECUTION_DATE='2025-10-07T16:24:25.749009+00:00' AIRFLOW_CTX_TRY_NUMBER='1' AIRFLOW_CTX_DAG_RUN_ID='manual__2025-10-07T16:24:25.749009+00:00'
[2025-10-07T16:24:30.578+0000] {http.py:122} INFO - Poking: bootstrap-static/
[2025-10-07T16:24:30.606+0000] {base.py:73} INFO - Using connection ID 'fpl_base_api' for task execution.
[2025-10-07T16:24:31.242+0000] {taskinstance.py:1824} ERROR - Task failed with exception
Traceback (most recent call last):
  File "/home/airflow/.local/lib/python3.7/site-packages/requests/models.py", line 971, in json
    return complexjson.loads(self.text, **kwargs)
  File "/usr/local/lib/python3.7/json/__init__.py", line 348, in loads
    return _default_decoder.decode(s)
  File "/usr/local/lib/python3.7/json/decoder.py", line 337, in decode
    obj, end = self.raw_decode(s, idx=_w(s, 0).end())
  File "/usr/local/lib/python3.7/json/decoder.py", line 355, in raw_decode
    raise JSONDecodeError("Expecting value", s, err.value) from None
json.decoder.JSONDecodeError: Expecting value: line 1 column 1 (char 0)

During handling of the above exception, another exception occurred:

Traceback (most recent call last):
  File "/home/airflow/.local/lib/python3.7/site-packages/airflow/sensors/base.py", line 225, in execute
    raise e
  File "/home/airflow/.local/lib/python3.7/site-packages/airflow/sensors/base.py", line 212, in execute
    poke_return = self.poke(context)
  File "/home/airflow/.local/lib/python3.7/site-packages/airflow/providers/http/sensors/http.py", line 132, in poke
    return self.response_check(response, **kwargs)
  File "/opt/airflow/dags/fpl_etl_pipeline.py", line 126, in <lambda>
    response_check=lambda response: "teams" in response.json(),
  File "/home/airflow/.local/lib/python3.7/site-packages/requests/models.py", line 975, in json
    raise RequestsJSONDecodeError(e.msg, e.doc, e.pos)
requests.exceptions.JSONDecodeError: Expecting value: line 1 column 1 (char 0)
[2025-10-07T16:24:31.270+0000] {taskinstance.py:1350} INFO - Marking task as UP_FOR_RETRY. dag_id=fpl_etl_pipeline, task_id=check_teams_api, execution_date=20251007T162425, start_date=20251007T162430, end_date=20251007T162431
[2025-10-07T16:24:31.287+0000] {standard_task_runner.py:109} ERROR - Failed to execute job 97 for task check_teams_api (Expecting value: line 1 column 1 (char 0); 1868)
[2025-10-07T16:24:31.313+0000] {local_task_job_runner.py:225} INFO - Task exited with return code 1
[2025-10-07T16:24:31.354+0000] {taskinstance.py:2653} INFO - 0 downstream tasks scheduled from follow-on schedule check
