[2025-10-25T22:22:14.836+0000] {taskinstance.py:1103} INFO - Dependencies all met for dep_context=non-requeueable deps ti=<TaskInstance: fpl_teams_etl.check_teams_api manual__2025-10-25T22:22:12.833804+00:00 [queued]>
[2025-10-25T22:22:14.850+0000] {taskinstance.py:1103} INFO - Dependencies all met for dep_context=requeueable deps ti=<TaskInstance: fpl_teams_etl.check_teams_api manual__2025-10-25T22:22:12.833804+00:00 [queued]>
[2025-10-25T22:22:14.851+0000] {taskinstance.py:1308} INFO - Starting attempt 1 of 2
[2025-10-25T22:22:14.875+0000] {taskinstance.py:1327} INFO - Executing <Task(HttpSensor): check_teams_api> on 2025-10-25 22:22:12.833804+00:00
[2025-10-25T22:22:14.881+0000] {standard_task_runner.py:57} INFO - Started process 7517 to run task
[2025-10-25T22:22:14.886+0000] {standard_task_runner.py:84} INFO - Running: ['airflow', 'tasks', 'run', 'fpl_teams_etl', 'check_teams_api', 'manual__2025-10-25T22:22:12.833804+00:00', '--job-id', '6529', '--raw', '--subdir', 'DAGS_FOLDER/fpl_teams_dag.py', '--cfg-path', '/tmp/tmpxs9y6mob']
[2025-10-25T22:22:14.890+0000] {standard_task_runner.py:85} INFO - Job 6529: Subtask check_teams_api
[2025-10-25T22:22:15.190+0000] {task_command.py:410} INFO - Running <TaskInstance: fpl_teams_etl.check_teams_api manual__2025-10-25T22:22:12.833804+00:00 [running]> on host 754e4af34fcd
[2025-10-25T22:22:15.353+0000] {taskinstance.py:1547} INFO - Exporting env vars: AIRFLOW_CTX_DAG_OWNER='richardilemon' AIRFLOW_CTX_DAG_ID='fpl_teams_etl' AIRFLOW_CTX_TASK_ID='check_teams_api' AIRFLOW_CTX_EXECUTION_DATE='2025-10-25T22:22:12.833804+00:00' AIRFLOW_CTX_TRY_NUMBER='1' AIRFLOW_CTX_DAG_RUN_ID='manual__2025-10-25T22:22:12.833804+00:00'
[2025-10-25T22:22:15.355+0000] {http.py:122} INFO - Poking: api/bootstrap-static/
[2025-10-25T22:22:15.379+0000] {base.py:73} INFO - Using connection ID 'fpl_base_api' for task execution.
[2025-10-25T22:22:15.496+0000] {http.py:226} WARNING - HTTPSConnectionPool(host='fantasy.premierleague.com', port=443): Max retries exceeded with url: /api/bootstrap-static/ (Caused by NewConnectionError('<urllib3.connection.HTTPSConnection object at 0x7f9c95206110>: Failed to establish a new connection: [Errno -5] No address associated with hostname')) Tenacity will retry to execute the operation
[2025-10-25T22:22:15.497+0000] {taskinstance.py:1824} ERROR - Task failed with exception
Traceback (most recent call last):
  File "/home/airflow/.local/lib/python3.7/site-packages/urllib3/connection.py", line 175, in _new_conn
    (self._dns_host, self.port), self.timeout, **extra_kw
  File "/home/airflow/.local/lib/python3.7/site-packages/urllib3/util/connection.py", line 72, in create_connection
    for res in socket.getaddrinfo(host, port, family, socket.SOCK_STREAM):
  File "/usr/local/lib/python3.7/socket.py", line 752, in getaddrinfo
    for res in _socket.getaddrinfo(host, port, family, type, proto, flags):
socket.gaierror: [Errno -5] No address associated with hostname

During handling of the above exception, another exception occurred:

Traceback (most recent call last):
  File "/home/airflow/.local/lib/python3.7/site-packages/urllib3/connectionpool.py", line 721, in urlopen
    chunked=chunked,
  File "/home/airflow/.local/lib/python3.7/site-packages/urllib3/connectionpool.py", line 403, in _make_request
    self._validate_conn(conn)
  File "/home/airflow/.local/lib/python3.7/site-packages/urllib3/connectionpool.py", line 1053, in _validate_conn
    conn.connect()
  File "/home/airflow/.local/lib/python3.7/site-packages/urllib3/connection.py", line 363, in connect
    self.sock = conn = self._new_conn()
  File "/home/airflow/.local/lib/python3.7/site-packages/urllib3/connection.py", line 187, in _new_conn
    self, "Failed to establish a new connection: %s" % e
urllib3.exceptions.NewConnectionError: <urllib3.connection.HTTPSConnection object at 0x7f9c95206110>: Failed to establish a new connection: [Errno -5] No address associated with hostname

During handling of the above exception, another exception occurred:

Traceback (most recent call last):
  File "/home/airflow/.local/lib/python3.7/site-packages/requests/adapters.py", line 497, in send
    chunked=chunked,
  File "/home/airflow/.local/lib/python3.7/site-packages/urllib3/connectionpool.py", line 799, in urlopen
    method, url, error=e, _pool=self, _stacktrace=sys.exc_info()[2]
  File "/home/airflow/.local/lib/python3.7/site-packages/urllib3/util/retry.py", line 592, in increment
    raise MaxRetryError(_pool, url, error or ResponseError(cause))
urllib3.exceptions.MaxRetryError: HTTPSConnectionPool(host='fantasy.premierleague.com', port=443): Max retries exceeded with url: /api/bootstrap-static/ (Caused by NewConnectionError('<urllib3.connection.HTTPSConnection object at 0x7f9c95206110>: Failed to establish a new connection: [Errno -5] No address associated with hostname'))

During handling of the above exception, another exception occurred:

Traceback (most recent call last):
  File "/home/airflow/.local/lib/python3.7/site-packages/airflow/sensors/base.py", line 225, in execute
    raise e
  File "/home/airflow/.local/lib/python3.7/site-packages/airflow/sensors/base.py", line 212, in execute
    poke_return = self.poke(context)
  File "/home/airflow/.local/lib/python3.7/site-packages/airflow/providers/http/sensors/http.py", line 128, in poke
    extra_options=self.extra_options,
  File "/home/airflow/.local/lib/python3.7/site-packages/airflow/providers/http/hooks/http.py", line 169, in run
    return self.run_and_check(session, prepped_request, extra_options)
  File "/home/airflow/.local/lib/python3.7/site-packages/airflow/providers/http/hooks/http.py", line 227, in run_and_check
    raise ex
  File "/home/airflow/.local/lib/python3.7/site-packages/airflow/providers/http/hooks/http.py", line 219, in run_and_check
    response = session.send(prepped_request, **send_kwargs)
  File "/home/airflow/.local/lib/python3.7/site-packages/requests/sessions.py", line 703, in send
    r = adapter.send(request, **kwargs)
  File "/home/airflow/.local/lib/python3.7/site-packages/requests/adapters.py", line 519, in send
    raise ConnectionError(e, request=request)
requests.exceptions.ConnectionError: HTTPSConnectionPool(host='fantasy.premierleague.com', port=443): Max retries exceeded with url: /api/bootstrap-static/ (Caused by NewConnectionError('<urllib3.connection.HTTPSConnection object at 0x7f9c95206110>: Failed to establish a new connection: [Errno -5] No address associated with hostname'))
[2025-10-25T22:22:15.537+0000] {taskinstance.py:1350} INFO - Marking task as UP_FOR_RETRY. dag_id=fpl_teams_etl, task_id=check_teams_api, execution_date=20251025T222212, start_date=20251025T222214, end_date=20251025T222215
[2025-10-25T22:22:15.569+0000] {standard_task_runner.py:109} ERROR - Failed to execute job 6529 for task check_teams_api (HTTPSConnectionPool(host='fantasy.premierleague.com', port=443): Max retries exceeded with url: /api/bootstrap-static/ (Caused by NewConnectionError('<urllib3.connection.HTTPSConnection object at 0x7f9c95206110>: Failed to establish a new connection: [Errno -5] No address associated with hostname')); 7517)
[2025-10-25T22:22:15.620+0000] {local_task_job_runner.py:225} INFO - Task exited with return code 1
[2025-10-25T22:22:15.830+0000] {taskinstance.py:2653} INFO - 0 downstream tasks scheduled from follow-on schedule check
