[2025-10-09T08:15:49.717+0000] {taskinstance.py:1103} INFO - Dependencies all met for dep_context=non-requeueable deps ti=<TaskInstance: fpl_etl_pipeline.check_fixtures_api manual__2025-10-09T08:15:38.867698+00:00 [queued]>
[2025-10-09T08:15:49.736+0000] {taskinstance.py:1103} INFO - Dependencies all met for dep_context=requeueable deps ti=<TaskInstance: fpl_etl_pipeline.check_fixtures_api manual__2025-10-09T08:15:38.867698+00:00 [queued]>
[2025-10-09T08:15:49.737+0000] {taskinstance.py:1308} INFO - Starting attempt 1 of 2
[2025-10-09T08:15:49.764+0000] {taskinstance.py:1327} INFO - Executing <Task(HttpSensor): check_fixtures_api> on 2025-10-09 08:15:38.867698+00:00
[2025-10-09T08:15:49.768+0000] {standard_task_runner.py:57} INFO - Started process 552 to run task
[2025-10-09T08:15:49.772+0000] {standard_task_runner.py:84} INFO - Running: ['airflow', 'tasks', 'run', 'fpl_etl_pipeline', 'check_fixtures_api', 'manual__2025-10-09T08:15:38.867698+00:00', '--job-id', '187', '--raw', '--subdir', 'DAGS_FOLDER/fpl_etl_pipeline.py', '--cfg-path', '/tmp/tmpzr9kj5pk']
[2025-10-09T08:15:49.775+0000] {standard_task_runner.py:85} INFO - Job 187: Subtask check_fixtures_api
[2025-10-09T08:15:50.016+0000] {task_command.py:410} INFO - Running <TaskInstance: fpl_etl_pipeline.check_fixtures_api manual__2025-10-09T08:15:38.867698+00:00 [running]> on host 671762379d36
[2025-10-09T08:15:50.163+0000] {taskinstance.py:1547} INFO - Exporting env vars: AIRFLOW_CTX_DAG_OWNER='richardilemon' AIRFLOW_CTX_DAG_ID='fpl_etl_pipeline' AIRFLOW_CTX_TASK_ID='check_fixtures_api' AIRFLOW_CTX_EXECUTION_DATE='2025-10-09T08:15:38.867698+00:00' AIRFLOW_CTX_TRY_NUMBER='1' AIRFLOW_CTX_DAG_RUN_ID='manual__2025-10-09T08:15:38.867698+00:00'
[2025-10-09T08:15:50.184+0000] {http.py:122} INFO - Poking: data/
[2025-10-09T08:15:50.209+0000] {base.py:73} INFO - Using connection ID 'fixtures_data_path' for task execution.
[2025-10-09T08:15:50.862+0000] {http.py:181} ERROR - HTTP error: Bad Request
[2025-10-09T08:15:50.863+0000] {http.py:182} ERROR - 400: Invalid request
[2025-10-09T08:15:50.887+0000] {taskinstance.py:1824} ERROR - Task failed with exception
Traceback (most recent call last):
  File "/home/airflow/.local/lib/python3.7/site-packages/airflow/providers/http/hooks/http.py", line 179, in check_response
    response.raise_for_status()
  File "/home/airflow/.local/lib/python3.7/site-packages/requests/models.py", line 1021, in raise_for_status
    raise HTTPError(http_error_msg, response=self)
requests.exceptions.HTTPError: 400 Client Error: Bad Request for url: https://raw.githubusercontent.com/vaastav/Fantasy-Premier-League/master/data/

During handling of the above exception, another exception occurred:

Traceback (most recent call last):
  File "/home/airflow/.local/lib/python3.7/site-packages/airflow/sensors/base.py", line 225, in execute
    raise e
  File "/home/airflow/.local/lib/python3.7/site-packages/airflow/sensors/base.py", line 212, in execute
    poke_return = self.poke(context)
  File "/home/airflow/.local/lib/python3.7/site-packages/airflow/providers/http/sensors/http.py", line 137, in poke
    raise exc
  File "/home/airflow/.local/lib/python3.7/site-packages/airflow/providers/http/sensors/http.py", line 128, in poke
    extra_options=self.extra_options,
  File "/home/airflow/.local/lib/python3.7/site-packages/airflow/providers/http/hooks/http.py", line 169, in run
    return self.run_and_check(session, prepped_request, extra_options)
  File "/home/airflow/.local/lib/python3.7/site-packages/airflow/providers/http/hooks/http.py", line 222, in run_and_check
    self.check_response(response)
  File "/home/airflow/.local/lib/python3.7/site-packages/airflow/providers/http/hooks/http.py", line 183, in check_response
    raise AirflowException(str(response.status_code) + ":" + response.reason)
airflow.exceptions.AirflowException: 400:Bad Request
[2025-10-09T08:15:50.897+0000] {taskinstance.py:1350} INFO - Marking task as UP_FOR_RETRY. dag_id=fpl_etl_pipeline, task_id=check_fixtures_api, execution_date=20251009T081538, start_date=20251009T081549, end_date=20251009T081550
[2025-10-09T08:15:50.923+0000] {standard_task_runner.py:109} ERROR - Failed to execute job 187 for task check_fixtures_api (400:Bad Request; 552)
[2025-10-09T08:15:50.948+0000] {local_task_job_runner.py:225} INFO - Task exited with return code 1
[2025-10-09T08:15:51.113+0000] {taskinstance.py:2653} INFO - 0 downstream tasks scheduled from follow-on schedule check
