[2025-11-05T10:51:52.528+0000] {taskinstance.py:1103} INFO - Dependencies all met for dep_context=non-requeueable deps ti=<TaskInstance: fpl_fixtures_pipeline.check_fixtures_data_url manual__2025-11-05T10:46:48.854026+00:00 [queued]>
[2025-11-05T10:51:52.597+0000] {taskinstance.py:1103} INFO - Dependencies all met for dep_context=requeueable deps ti=<TaskInstance: fpl_fixtures_pipeline.check_fixtures_data_url manual__2025-11-05T10:46:48.854026+00:00 [queued]>
[2025-11-05T10:51:52.597+0000] {taskinstance.py:1308} INFO - Starting attempt 2 of 2
[2025-11-05T10:51:52.604+0000] {taskinstance.py:1327} INFO - Executing <Task(HttpSensor): check_fixtures_data_url> on 2025-11-05 10:46:48.854026+00:00
[2025-11-05T10:51:52.607+0000] {standard_task_runner.py:57} INFO - Started process 2688 to run task
[2025-11-05T10:51:52.609+0000] {standard_task_runner.py:84} INFO - Running: ['airflow', 'tasks', 'run', 'fpl_fixtures_pipeline', 'check_fixtures_data_url', 'manual__2025-11-05T10:46:48.854026+00:00', '--job-id', '10', '--raw', '--subdir', 'DAGS_FOLDER/fpl_fixtures_dag.py', '--cfg-path', '/tmp/tmp4r6prc1p']
[2025-11-05T10:51:52.609+0000] {standard_task_runner.py:85} INFO - Job 10: Subtask check_fixtures_data_url
[2025-11-05T10:51:52.637+0000] {task_command.py:410} INFO - Running <TaskInstance: fpl_fixtures_pipeline.check_fixtures_data_url manual__2025-11-05T10:46:48.854026+00:00 [running]> on host 497d0baba1c5
[2025-11-05T10:51:52.681+0000] {taskinstance.py:1547} INFO - Exporting env vars: AIRFLOW_CTX_DAG_OWNER='richardilemon' AIRFLOW_CTX_DAG_ID='fpl_fixtures_pipeline' AIRFLOW_CTX_TASK_ID='check_fixtures_data_url' AIRFLOW_CTX_EXECUTION_DATE='2025-11-05T10:46:48.854026+00:00' AIRFLOW_CTX_TRY_NUMBER='2' AIRFLOW_CTX_DAG_RUN_ID='manual__2025-11-05T10:46:48.854026+00:00'
[2025-11-05T10:51:52.686+0000] {http.py:122} INFO - Poking: 2025-26/fixtures.csv
[2025-11-05T10:51:52.693+0000] {base.py:73} INFO - Using connection ID 'fixtures_base_path' for task execution.
[2025-11-05T10:51:52.828+0000] {http.py:226} WARNING - HTTPSConnectionPool(host='raw.githubusercontent.com', port=443): Max retries exceeded with url: /vaastav/Fantasy-Premier-League/master/data/2025-26/fixtures.csv (Caused by NewConnectionError('<urllib3.connection.HTTPSConnection object at 0xffff8a812dd0>: Failed to establish a new connection: [Errno 111] Connection refused')) Tenacity will retry to execute the operation
[2025-11-05T10:51:52.828+0000] {taskinstance.py:1824} ERROR - Task failed with exception
Traceback (most recent call last):
  File "/home/airflow/.local/lib/python3.7/site-packages/urllib3/connection.py", line 175, in _new_conn
    (self._dns_host, self.port), self.timeout, **extra_kw
  File "/home/airflow/.local/lib/python3.7/site-packages/urllib3/util/connection.py", line 95, in create_connection
    raise err
  File "/home/airflow/.local/lib/python3.7/site-packages/urllib3/util/connection.py", line 85, in create_connection
    sock.connect(sa)
ConnectionRefusedError: [Errno 111] Connection refused

During handling of the above exception, another exception occurred:

Traceback (most recent call last):
  File "/home/airflow/.local/lib/python3.7/site-packages/urllib3/connectionpool.py", line 721, in urlopen
    chunked=chunked,
  File "/home/airflow/.local/lib/python3.7/site-packages/urllib3/connectionpool.py", line 403, in _make_request
    self._validate_conn(conn)
  File "/home/airflow/.local/lib/python3.7/site-packages/urllib3/connectionpool.py", line 1053, in _validate_conn
    conn.connect()
  File "/home/airflow/.local/lib/python3.7/site-packages/urllib3/connection.py", line 363, in connect
    self.sock = conn = self._new_conn()
  File "/home/airflow/.local/lib/python3.7/site-packages/urllib3/connection.py", line 187, in _new_conn
    self, "Failed to establish a new connection: %s" % e
urllib3.exceptions.NewConnectionError: <urllib3.connection.HTTPSConnection object at 0xffff8a812dd0>: Failed to establish a new connection: [Errno 111] Connection refused

During handling of the above exception, another exception occurred:

Traceback (most recent call last):
  File "/home/airflow/.local/lib/python3.7/site-packages/requests/adapters.py", line 497, in send
    chunked=chunked,
  File "/home/airflow/.local/lib/python3.7/site-packages/urllib3/connectionpool.py", line 799, in urlopen
    method, url, error=e, _pool=self, _stacktrace=sys.exc_info()[2]
  File "/home/airflow/.local/lib/python3.7/site-packages/urllib3/util/retry.py", line 592, in increment
    raise MaxRetryError(_pool, url, error or ResponseError(cause))
urllib3.exceptions.MaxRetryError: HTTPSConnectionPool(host='raw.githubusercontent.com', port=443): Max retries exceeded with url: /vaastav/Fantasy-Premier-League/master/data/2025-26/fixtures.csv (Caused by NewConnectionError('<urllib3.connection.HTTPSConnection object at 0xffff8a812dd0>: Failed to establish a new connection: [Errno 111] Connection refused'))

During handling of the above exception, another exception occurred:

Traceback (most recent call last):
  File "/home/airflow/.local/lib/python3.7/site-packages/airflow/sensors/base.py", line 225, in execute
    raise e
  File "/home/airflow/.local/lib/python3.7/site-packages/airflow/sensors/base.py", line 212, in execute
    poke_return = self.poke(context)
  File "/home/airflow/.local/lib/python3.7/site-packages/airflow/providers/http/sensors/http.py", line 128, in poke
    extra_options=self.extra_options,
  File "/home/airflow/.local/lib/python3.7/site-packages/airflow/providers/http/hooks/http.py", line 169, in run
    return self.run_and_check(session, prepped_request, extra_options)
  File "/home/airflow/.local/lib/python3.7/site-packages/airflow/providers/http/hooks/http.py", line 227, in run_and_check
    raise ex
  File "/home/airflow/.local/lib/python3.7/site-packages/airflow/providers/http/hooks/http.py", line 219, in run_and_check
    response = session.send(prepped_request, **send_kwargs)
  File "/home/airflow/.local/lib/python3.7/site-packages/requests/sessions.py", line 703, in send
    r = adapter.send(request, **kwargs)
  File "/home/airflow/.local/lib/python3.7/site-packages/requests/adapters.py", line 519, in send
    raise ConnectionError(e, request=request)
requests.exceptions.ConnectionError: HTTPSConnectionPool(host='raw.githubusercontent.com', port=443): Max retries exceeded with url: /vaastav/Fantasy-Premier-League/master/data/2025-26/fixtures.csv (Caused by NewConnectionError('<urllib3.connection.HTTPSConnection object at 0xffff8a812dd0>: Failed to establish a new connection: [Errno 111] Connection refused'))
[2025-11-05T10:51:52.839+0000] {taskinstance.py:1350} INFO - Marking task as FAILED. dag_id=fpl_fixtures_pipeline, task_id=check_fixtures_data_url, execution_date=20251105T104648, start_date=20251105T105152, end_date=20251105T105152
[2025-11-05T10:51:52.847+0000] {standard_task_runner.py:109} ERROR - Failed to execute job 10 for task check_fixtures_data_url (HTTPSConnectionPool(host='raw.githubusercontent.com', port=443): Max retries exceeded with url: /vaastav/Fantasy-Premier-League/master/data/2025-26/fixtures.csv (Caused by NewConnectionError('<urllib3.connection.HTTPSConnection object at 0xffff8a812dd0>: Failed to establish a new connection: [Errno 111] Connection refused')); 2688)
[2025-11-05T10:51:52.883+0000] {local_task_job_runner.py:225} INFO - Task exited with return code 1
[2025-11-05T10:51:52.910+0000] {taskinstance.py:2653} INFO - 0 downstream tasks scheduled from follow-on schedule check
